-------------------------------------------------------------------------------
[11:21AM] NGL configured with 
[11:21AM] OpenGL 4.6.0 NVIDIA 555.42.02
[11:21AM] GLSL version 4.60 NVIDIA
-------------------------------------------------------------------------------
[11:21AM] creating empty ShaderProgram nglTextShader
[11:21AM] just attached nglTextVertex to ngl::ShaderLib
[11:21AM] just attached nglTextFragment to ngl::ShaderLib
[11:21AM] Compiling Shader nglTextVertex
[11:21AM] Compiling Shader nglTextFragment
[11:21AM] nglTextVertex attached to program
[11:21AM] nglTextFragment attached to program
[11:21AM] Linking nglTextShader
[11:21AM] linking Shader nglTextShader 
FOUND UNIFORM BLOCKS 0
FOUND UNIFORM BLOCKS 0
[11:21AM] creating empty ShaderProgram nglColourShader
[11:21AM] just attached nglColourVertex to ngl::ShaderLib
[11:21AM] just attached nglColourFragment to ngl::ShaderLib
[11:21AM] Compiling Shader nglColourVertex
[11:21AM] Compiling Shader nglColourFragment
[11:21AM] nglColourVertex attached to program
[11:21AM] nglColourFragment attached to program
[11:21AM] Linking nglColourShader
[11:21AM] linking Shader nglColourShader 
FOUND UNIFORM BLOCKS 0
FOUND UNIFORM BLOCKS 0
[11:21AM] creating empty ShaderProgram nglDiffuseShader
[11:21AM] just attached nglDiffuseVertex to ngl::ShaderLib
[11:21AM] just attached nglDiffuseFragment to ngl::ShaderLib
[11:21AM] Compiling Shader nglDiffuseVertex
[11:21AM] Compiling Shader nglDiffuseFragment
[11:21AM] nglDiffuseVertex attached to program
[11:21AM] nglDiffuseFragment attached to program
[11:21AM] Linking nglDiffuseShader
[11:21AM] linking Shader nglDiffuseShader 
FOUND UNIFORM BLOCKS 0
FOUND UNIFORM BLOCKS 0
[11:21AM] creating empty ShaderProgram nglCheckerShader
[11:21AM] just attached nglCheckerVertex to ngl::ShaderLib
[11:21AM] just attached nglCheckerFragment to ngl::ShaderLib
[11:21AM] Compiling Shader nglCheckerVertex
[11:21AM] Compiling Shader nglCheckerFragment
[11:21AM] nglCheckerVertex attached to program
[11:21AM] nglCheckerFragment attached to program
[11:21AM] Linking nglCheckerShader
[11:21AM] linking Shader nglCheckerShader 
FOUND UNIFORM BLOCKS 0
FOUND UNIFORM BLOCKS 0
[11:21AM] creating empty ShaderProgram BoidShader
[11:21AM] just attached BoidShaderVertex to ngl::ShaderLib
[11:21AM] just attached BoidShaderFragment to ngl::ShaderLib
[11:21AM] Compiling Shader BoidShaderVertex
[11:21AM] Compiling Shader BoidShaderFragment
[11:21AM] BoidShaderVertex attached to program
[11:21AM] BoidShaderFragment attached to program
[11:21AM] Linking BoidShader
[11:21AM] linking Shader BoidShader 
FOUND UNIFORM BLOCKS 0
